<?xml version="1.0" encoding="UTF-8"?>
<!-- Generated by org.testng.reporters.JUnitXMLReporter -->
<testsuite ignored="0" hostname="Mukeshs-MacBook-Air-2.local" failures="1" tests="1" name="Test" time="16.033" errors="0" timestamp="2022-09-10T10:35:45 IST">
  <testcase classname="testcases.LoginTest" name="loginToApplication" time="5.415">
    <failure type="java.lang.AssertionError" message="Url mismatched - Login failed expected [true] but found [false]">
      <![CDATA[java.lang.AssertionError: Url mismatched - Login failed expected [true] but found [false]
at testcases.LoginTest.loginToApplication(LoginTest.java:21)
at java.base/java.util.ArrayList.forEach(ArrayList.java:1511)
... Removed 30 stack frames]]>
    </failure>
  </testcase> <!-- loginToApplication -->
</testsuite> <!-- Test -->
