<?xml version="1.0" encoding="UTF-8"?>
<!-- Generated by org.testng.reporters.JUnitXMLReporter -->
<testsuite ignored="0" hostname="MHSR-06NUR12.mhb.manipal.net" failures="1" tests="1" name="Test1" time="59.817" errors="0" timestamp="2022-09-14T11:13:50 IST">
  <testcase classname="testcases.LoginTest" name="loginToApplication" time="9.482">
    <failure type="java.lang.AssertionError" message="Url mismatched - Login failed expected [true] but found [false]">
      <![CDATA[java.lang.AssertionError: Url mismatched - Login failed expected [true] but found [false]
at testcases.LoginTest.loginToApplication(LoginTest.java:31)
at java.base/java.util.ArrayList.forEach(ArrayList.java:1511)
at java.base/java.util.concurrent.FutureTask.run(FutureTask.java:264)
at java.base/java.util.concurrent.ThreadPoolExecutor.runWorker(ThreadPoolExecutor.java:1136)
at java.base/java.util.concurrent.ThreadPoolExecutor$Worker.run(ThreadPoolExecutor.java:635)
at java.base/java.lang.Thread.run(Thread.java:833)
... Removed 21 stack frames]]>
    </failure>
  </testcase> <!-- loginToApplication -->
</testsuite> <!-- Test1 -->
